<?xml version="1.0" encoding="utf-8"?><testsuites name="pytest tests"><testsuite name="pytest" errors="0" failures="0" skipped="0" tests="7" time="1.375" timestamp="2026-05-07T07:05:55.863811+00:00" hostname="agent-env-f4f21790-8f3e-4702-bc32-de47a5d314b4"><testcase classname="backend.tests.test_invoices.TestHealth" name="test_health" time="0.196" /><testcase classname="backend.tests.test_invoices.TestInvoices" name="test_get_all_invoices_count" time="0.157" /><testcase classname="backend.tests.test_invoices.TestInvoices" name="test_get_all_invoices_structure" time="0.103" /><testcase classname="backend.tests.test_invoices.TestInvoices" name="test_get_invoice_by_id" time="0.215" /><testcase classname="backend.tests.test_invoices.TestInvoices" name="test_invoice_statuses" time="0.140" /><testcase classname="backend.tests.test_invoices.TestInvoices" name="test_total_revenue" time="0.113" /><testcase classname="backend.tests.test_invoices.TestInvoices" name="test_get_nonexistent_invoice" time="0.202" /></testsuite></testsuites>